This is pdfTeX, Version 3.141592653-2.6-1.40.27 (TeX Live 2025/Termux) (preloaded format=pdflatex 2025.4.21)  29 APR 2025 18:42
entering extended mode
 restricted \write18 enabled.
 %&-line parsing enabled.
**/data/data/com.termux/files/home/projects/che-thermo-SVA/main.tex
(/data/data/com.termux/files/home/projects/che-thermo-SVA/main.tex
LaTeX2e <2024-11-01> patch level 2
L3 programming layer <2025-03-26>

(/data/data/com.termux/files/usr/share/texlive/2025/texmf-dist/tex/latex/base/a
rticle.cls
Document Class: article 2024/06/29 v1.4n Standard LaTeX document class

(/data/data/com.termux/files/usr/share/texlive/2025/texmf-dist/tex/latex/base/s
ize10.clo
File: size10.clo 2024/06/29 v1.4n Standard LaTeX file (size option)
)
\c@part=\count197
\c@section=\count198
\c@subsection=\count199
\c@subsubsection=\count266
\c@paragraph=\count267
\c@subparagraph=\count268
\c@figure=\count269
\c@table=\count270
\abovecaptionskip=\skip49
\belowcaptionskip=\skip50
\bibindent=\dimen146
) (./sty.sty
(/data/data/com.termux/files/usr/share/texlive/2025/texmf-dist/tex/latex/amsmat
h/amsmath.sty
Package: amsmath 2024/11/05 v2.17t AMS math features
\@mathmargin=\skip51

For additional information on amsmath, use the `?' option.

(/data/data/com.termux/files/usr/share/texlive/2025/texmf-dist/tex/latex/amsmat
h/amstext.sty
Package: amstext 2021/08/26 v2.01 AMS text

(/data/data/com.termux/files/usr/share/texlive/2025/texmf-dist/tex/latex/amsmat
h/amsgen.sty
File: amsgen.sty 1999/11/30 v2.0 generic functions
\@emptytoks=\toks17
\ex@=\dimen147
))
(/data/data/com.termux/files/usr/share/texlive/2025/texmf-dist/tex/latex/amsmat
h/amsbsy.sty
Package: amsbsy 1999/11/29 v1.2d Bold Symbols
\pmbraise@=\dimen148
)
(/data/data/com.termux/files/usr/share/texlive/2025/texmf-dist/tex/latex/amsmat
h/amsopn.sty
Package: amsopn 2022/04/08 v2.04 operator names
)
\inf@bad=\count271
LaTeX Info: Redefining \frac on input line 233.
\uproot@=\count272
\leftroot@=\count273
LaTeX Info: Redefining \overline on input line 398.
LaTeX Info: Redefining \colon on input line 409.
\classnum@=\count274
\DOTSCASE@=\count275
LaTeX Info: Redefining \ldots on input line 495.
LaTeX Info: Redefining \dots on input line 498.
LaTeX Info: Redefining \cdots on input line 619.
\Mathstrutbox@=\box53
\strutbox@=\box54
LaTeX Info: Redefining \big on input line 721.
LaTeX Info: Redefining \Big on input line 722.
LaTeX Info: Redefining \bigg on input line 723.
LaTeX Info: Redefining \Bigg on input line 724.
\big@size=\dimen149
LaTeX Font Info:    Redeclaring font encoding OML on input line 742.
LaTeX Font Info:    Redeclaring font encoding OMS on input line 743.
\macc@depth=\count276
LaTeX Info: Redefining \bmod on input line 904.
LaTeX Info: Redefining \pmod on input line 909.
LaTeX Info: Redefining \smash on input line 939.
LaTeX Info: Redefining \relbar on input line 969.
LaTeX Info: Redefining \Relbar on input line 970.
\c@MaxMatrixCols=\count277
\dotsspace@=\muskip17
\c@parentequation=\count278
\dspbrk@lvl=\count279
\tag@help=\toks18
\row@=\count280
\column@=\count281
\maxfields@=\count282
\andhelp@=\toks19
\eqnshift@=\dimen150
\alignsep@=\dimen151
\tagshift@=\dimen152
\tagwidth@=\dimen153
\totwidth@=\dimen154
\lineht@=\dimen155
\@envbody=\toks20
\multlinegap=\skip52
\multlinetaggap=\skip53
\mathdisplay@stack=\toks21
LaTeX Info: Redefining \[ on input line 2953.
LaTeX Info: Redefining \] on input line 2954.
)
(/data/data/com.termux/files/usr/share/texlive/2025/texmf-dist/tex/latex/mhchem
/mhchem.sty
Package: mhchem 2024/01/29 v4.10 for typesetting chemical formulae

(/data/data/com.termux/files/usr/share/texlive/2025/texmf-dist/tex/latex/l3kern
el/expl3.sty
Package: expl3 2025-03-26 L3 programming layer (loader) 

(/data/data/com.termux/files/usr/share/texlive/2025/texmf-dist/tex/latex/l3back
end/l3backend-pdftex.def
File: l3backend-pdftex.def 2025-03-14 L3 backend support: PDF output (pdfTeX)
\l__color_backend_stack_int=\count283
))
(/data/data/com.termux/files/usr/share/texlive/2025/texmf-dist/tex/latex/l3pack
ages/l3keys2e/l3keys2e.sty
Package: l3keys2e 2024-08-16 LaTeX2e option processing using LaTeX3 keys
)
(/data/data/com.termux/files/usr/share/texlive/2025/texmf-dist/tex/latex/tools/
calc.sty
Package: calc 2023/07/08 v4.3 Infix arithmetic (KKT,FJ)
\calc@Acount=\count284
\calc@Bcount=\count285
\calc@Adimen=\dimen156
\calc@Bdimen=\dimen157
\calc@Askip=\skip54
\calc@Bskip=\skip55
LaTeX Info: Redefining \setlength on input line 80.
LaTeX Info: Redefining \addtolength on input line 81.
\calc@Ccount=\count286
\calc@Cskip=\skip56
)
(/data/data/com.termux/files/usr/share/texlive/2025/texmf-dist/tex/latex/chemgr
eek/chemgreek.sty
(/data/data/com.termux/files/usr/share/texlive/2025/texmf-dist/tex/latex/l3pack
ages/xparse/xparse.sty
Package: xparse 2024-08-16 L3 Experimental document command parser
)
Package: chemgreek 2020/01/16 v1.1a interface for upright Greek letters for use
 in chemistry (CN)
\l__chemgreek_tmpa_int=\count287
\g__chemgreek_tmpa_int=\count288
)
(/data/data/com.termux/files/usr/share/texlive/2025/texmf-dist/tex/latex/graphi
cs/graphics.sty
Package: graphics 2024/08/06 v1.4g Standard LaTeX Graphics (DPC,SPQR)

(/data/data/com.termux/files/usr/share/texlive/2025/texmf-dist/tex/latex/graphi
cs/trig.sty
Package: trig 2023/12/02 v1.11 sin cos tan (DPC)
)
(/data/data/com.termux/files/usr/share/texlive/2025/texmf-dist/tex/latex/graphi
cs-cfg/graphics.cfg
File: graphics.cfg 2016/06/04 v1.11 sample graphics configuration
)
Package graphics Info: Driver file: pdftex.def on input line 106.

(/data/data/com.termux/files/usr/share/texlive/2025/texmf-dist/tex/latex/graphi
cs-def/pdftex.def
File: pdftex.def 2024/04/13 v1.2c Graphics/color driver for pdftex
))
\l__mhchem_ce_distanceFromLastComma_int=\count289
\__mhchem_arrow_extPgfLength_skip=\skip57
\mhchem@minispace@tmp=\skip58
\mhchem@minibackspace@tmp=\skip59
\mhchem@bondwidth=\skip60
\mhchem@bondheight=\skip61
\mhchem@smallbondwidth@tmpA=\skip62
\mhchem@smallbondwidth@tmpB=\skip63
\mhchem@smallbondwidth=\skip64
\mhchem@bondtmp@minussidebearingleft=\skip65
\mhchem@bondtmp@minussidebearingright=\skip66
\l__mhchem_option_version_int=\count290
\mhchem@option@minusmathsidebearingleft=\dimen158
\mhchem@option@minusmathsidebearingright=\dimen159
\mhchem@option@minustextsidebearingleft=\dimen160
\mhchem@option@minustextsidebearingright=\dimen161
)
(/data/data/com.termux/files/usr/share/texlive/2025/texmf-dist/tex/latex/textgr
eek/textgreek.sty
Package: textgreek 2011/10/09 v0.7 Greek symbols in text
Package textgreek Info: Loading the definitions for the Greek fontencoding. on 
input line 39.

(/data/data/com.termux/files/usr/share/texlive/2025/texmf-dist/tex/latex/greek-
fontenc/lgrenc.def
File: lgrenc.def 2023-09-12 2.5 LGR Greek font encoding definitions
Now handling font encoding LGR ...
... no UTF-8 mapping file for font encoding LGR

(/data/data/com.termux/files/usr/share/texlive/2025/texmf-dist/tex/latex/greek-
fontenc/greek-fontenc.def
File: greek-fontenc.def 2023-09-12 2.5 Common Greek font encoding definitions
))
Package textgreek Info: Loaded fontmap: {eur/*/*}{U/eur/*/*} {phv/*/*}{U/psy/*/
*}. on input line 69.
)
(/data/data/com.termux/files/usr/share/texlive/2025/texmf-dist/tex/latex/mathto
ols/mathtools.sty
Package: mathtools 2024/10/04 v1.31 mathematical typesetting tools

(/data/data/com.termux/files/usr/share/texlive/2025/texmf-dist/tex/latex/graphi
cs/keyval.sty
Package: keyval 2022/05/29 v1.15 key=value parser (DPC)
\KV@toks@=\toks22
)
(/data/data/com.termux/files/usr/share/texlive/2025/texmf-dist/tex/latex/mathto
ols/mhsetup.sty
Package: mhsetup 2021/03/18 v1.4 programming setup (MH)
)
\g_MT_multlinerow_int=\count291
\l_MT_multwidth_dim=\dimen162
\origjot=\skip67
\l_MT_shortvdotswithinadjustabove_dim=\dimen163
\l_MT_shortvdotswithinadjustbelow_dim=\dimen164
\l_MT_above_intertext_sep=\dimen165
\l_MT_below_intertext_sep=\dimen166
\l_MT_above_shortintertext_sep=\dimen167
\l_MT_below_shortintertext_sep=\dimen168
\xmathstrut@box=\box55
\xmathstrut@dim=\dimen169
)
(/data/data/com.termux/files/usr/share/texlive/2025/texmf-dist/tex/latex/cancel
/cancel.sty
Package: cancel 2013/04/12 v2.2 Cancel math terms
)
(/data/data/com.termux/files/usr/share/texlive/2025/texmf-dist/tex/latex/mathto
ols/empheq.sty
Package: empheq 2024/08/09 v2.17 Emphasizing equations
\l_EQ_equationtype_int=\count292
\l_EQ_alignmentmode_int=\count293
\l_EQ_totalwidth_dim=\dimen170
\l_EQ_displaywidth_dim=\dimen171
\l_EQ_temp_linewidth_dim=\dimen172
\l_EQ_linewidth_dim=\dimen173
\EmphEqdelimitershortfall=\dimen174
\EmphEqdelimiterfactor=\count294
\g_EQ_toptag_height_dim=\dimen175
\g_EQ_bottomtag_depth_dim=\dimen176
\g_EQ_toprow_height_dim=\dimen177
\g_EQ_bottomrow_depth_dim=\dimen178
\g_EQ_widesttag_dim=\dimen179
\EQ_mathdisplay_box=\box56
\EQ_tag_box=\box57
\g_EQ_temprow_int=\count295
)
(/data/data/com.termux/files/usr/share/texlive/2025/texmf-dist/tex/latex/graphi
cs/graphicx.sty
Package: graphicx 2021/09/16 v1.2d Enhanced LaTeX Graphics (DPC,SPQR)
\Gin@req@height=\dimen180
\Gin@req@width=\dimen181
)
(/data/data/com.termux/files/usr/share/texlive/2025/texmf-dist/tex/latex/pgf/ba
siclayer/pgf.sty
(/data/data/com.termux/files/usr/share/texlive/2025/texmf-dist/tex/latex/pgf/ut
ilities/pgfrcs.sty
(/data/data/com.termux/files/usr/share/texlive/2025/texmf-dist/tex/generic/pgf/
utilities/pgfutil-common.tex
\pgfutil@everybye=\toks23
\pgfutil@tempdima=\dimen182
\pgfutil@tempdimb=\dimen183
)
(/data/data/com.termux/files/usr/share/texlive/2025/texmf-dist/tex/generic/pgf/
utilities/pgfutil-latex.def
\pgfutil@abb=\box58
)
(/data/data/com.termux/files/usr/share/texlive/2025/texmf-dist/tex/generic/pgf/
utilities/pgfrcs.code.tex
(/data/data/com.termux/files/usr/share/texlive/2025/texmf-dist/tex/generic/pgf/
pgf.revision.tex)
Package: pgfrcs 2023-01-15 v3.1.10 (3.1.10)
))
Package: pgf 2023-01-15 v3.1.10 (3.1.10)

(/data/data/com.termux/files/usr/share/texlive/2025/texmf-dist/tex/latex/pgf/ba
siclayer/pgfcore.sty
(/data/data/com.termux/files/usr/share/texlive/2025/texmf-dist/tex/latex/pgf/sy
stemlayer/pgfsys.sty
(/data/data/com.termux/files/usr/share/texlive/2025/texmf-dist/tex/generic/pgf/
systemlayer/pgfsys.code.tex
Package: pgfsys 2023-01-15 v3.1.10 (3.1.10)

(/data/data/com.termux/files/usr/share/texlive/2025/texmf-dist/tex/generic/pgf/
utilities/pgfkeys.code.tex
\pgfkeys@pathtoks=\toks24
\pgfkeys@temptoks=\toks25

(/data/data/com.termux/files/usr/share/texlive/2025/texmf-dist/tex/generic/pgf/
utilities/pgfkeyslibraryfiltered.code.tex
\pgfkeys@tmptoks=\toks26
))
\pgf@x=\dimen184
\pgf@y=\dimen185
\pgf@xa=\dimen186
\pgf@ya=\dimen187
\pgf@xb=\dimen188
\pgf@yb=\dimen189
\pgf@xc=\dimen190
\pgf@yc=\dimen191
\pgf@xd=\dimen192
\pgf@yd=\dimen193
\w@pgf@writea=\write3
\r@pgf@reada=\read2
\c@pgf@counta=\count296
\c@pgf@countb=\count297
\c@pgf@countc=\count298
\c@pgf@countd=\count299
\t@pgf@toka=\toks27
\t@pgf@tokb=\toks28
\t@pgf@tokc=\toks29
\pgf@sys@id@count=\count300

(/data/data/com.termux/files/usr/share/texlive/2025/texmf-dist/tex/generic/pgf/
systemlayer/pgf.cfg
File: pgf.cfg 2023-01-15 v3.1.10 (3.1.10)
)
Driver file for pgf: pgfsys-pdftex.def

(/data/data/com.termux/files/usr/share/texlive/2025/texmf-dist/tex/generic/pgf/
systemlayer/pgfsys-pdftex.def
File: pgfsys-pdftex.def 2023-01-15 v3.1.10 (3.1.10)

(/data/data/com.termux/files/usr/share/texlive/2025/texmf-dist/tex/generic/pgf/
systemlayer/pgfsys-common-pdf.def
File: pgfsys-common-pdf.def 2023-01-15 v3.1.10 (3.1.10)
)))
(/data/data/com.termux/files/usr/share/texlive/2025/texmf-dist/tex/generic/pgf/
systemlayer/pgfsyssoftpath.code.tex
File: pgfsyssoftpath.code.tex 2023-01-15 v3.1.10 (3.1.10)
\pgfsyssoftpath@smallbuffer@items=\count301
\pgfsyssoftpath@bigbuffer@items=\count302
)
(/data/data/com.termux/files/usr/share/texlive/2025/texmf-dist/tex/generic/pgf/
systemlayer/pgfsysprotocol.code.tex
File: pgfsysprotocol.code.tex 2023-01-15 v3.1.10 (3.1.10)
))
(/data/data/com.termux/files/usr/share/texlive/2025/texmf-dist/tex/latex/xcolor
/xcolor.sty
Package: xcolor 2024/09/29 v3.02 LaTeX color extensions (UK)

(/data/data/com.termux/files/usr/share/texlive/2025/texmf-dist/tex/latex/graphi
cs-cfg/color.cfg
File: color.cfg 2016/01/02 v1.6 sample color configuration
)
Package xcolor Info: Driver file: pdftex.def on input line 274.

(/data/data/com.termux/files/usr/share/texlive/2025/texmf-dist/tex/latex/graphi
cs/mathcolor.ltx)
Package xcolor Info: Model `cmy' substituted by `cmy0' on input line 1349.
Package xcolor Info: Model `hsb' substituted by `rgb' on input line 1353.
Package xcolor Info: Model `RGB' extended on input line 1365.
Package xcolor Info: Model `HTML' substituted by `rgb' on input line 1367.
Package xcolor Info: Model `Hsb' substituted by `hsb' on input line 1368.
Package xcolor Info: Model `tHsb' substituted by `hsb' on input line 1369.
Package xcolor Info: Model `HSB' substituted by `hsb' on input line 1370.
Package xcolor Info: Model `Gray' substituted by `gray' on input line 1371.
Package xcolor Info: Model `wave' substituted by `hsb' on input line 1372.
)
(/data/data/com.termux/files/usr/share/texlive/2025/texmf-dist/tex/generic/pgf/
basiclayer/pgfcore.code.tex
Package: pgfcore 2023-01-15 v3.1.10 (3.1.10)

(/data/data/com.termux/files/usr/share/texlive/2025/texmf-dist/tex/generic/pgf/
math/pgfmath.code.tex
(/data/data/com.termux/files/usr/share/texlive/2025/texmf-dist/tex/generic/pgf/
math/pgfmathutil.code.tex)
(/data/data/com.termux/files/usr/share/texlive/2025/texmf-dist/tex/generic/pgf/
math/pgfmathparser.code.tex
\pgfmath@dimen=\dimen194
\pgfmath@count=\count303
\pgfmath@box=\box59
\pgfmath@toks=\toks30
\pgfmath@stack@operand=\toks31
\pgfmath@stack@operation=\toks32
)
(/data/data/com.termux/files/usr/share/texlive/2025/texmf-dist/tex/generic/pgf/
math/pgfmathfunctions.code.tex)
(/data/data/com.termux/files/usr/share/texlive/2025/texmf-dist/tex/generic/pgf/
math/pgfmathfunctions.basic.code.tex)
(/data/data/com.termux/files/usr/share/texlive/2025/texmf-dist/tex/generic/pgf/
math/pgfmathfunctions.trigonometric.code.tex)
(/data/data/com.termux/files/usr/share/texlive/2025/texmf-dist/tex/generic/pgf/
math/pgfmathfunctions.random.code.tex)
(/data/data/com.termux/files/usr/share/texlive/2025/texmf-dist/tex/generic/pgf/
math/pgfmathfunctions.comparison.code.tex)
(/data/data/com.termux/files/usr/share/texlive/2025/texmf-dist/tex/generic/pgf/
math/pgfmathfunctions.base.code.tex)
(/data/data/com.termux/files/usr/share/texlive/2025/texmf-dist/tex/generic/pgf/
math/pgfmathfunctions.round.code.tex)
(/data/data/com.termux/files/usr/share/texlive/2025/texmf-dist/tex/generic/pgf/
math/pgfmathfunctions.misc.code.tex)
(/data/data/com.termux/files/usr/share/texlive/2025/texmf-dist/tex/generic/pgf/
math/pgfmathfunctions.integerarithmetics.code.tex)
(/data/data/com.termux/files/usr/share/texlive/2025/texmf-dist/tex/generic/pgf/
math/pgfmathcalc.code.tex)
(/data/data/com.termux/files/usr/share/texlive/2025/texmf-dist/tex/generic/pgf/
math/pgfmathfloat.code.tex
\c@pgfmathroundto@lastzeros=\count304
))
(/data/data/com.termux/files/usr/share/texlive/2025/texmf-dist/tex/generic/pgf/
math/pgfint.code.tex)
(/data/data/com.termux/files/usr/share/texlive/2025/texmf-dist/tex/generic/pgf/
basiclayer/pgfcorepoints.code.tex
File: pgfcorepoints.code.tex 2023-01-15 v3.1.10 (3.1.10)
\pgf@picminx=\dimen195
\pgf@picmaxx=\dimen196
\pgf@picminy=\dimen197
\pgf@picmaxy=\dimen198
\pgf@pathminx=\dimen199
\pgf@pathmaxx=\dimen256
\pgf@pathminy=\dimen257
\pgf@pathmaxy=\dimen258
\pgf@xx=\dimen259
\pgf@xy=\dimen260
\pgf@yx=\dimen261
\pgf@yy=\dimen262
\pgf@zx=\dimen263
\pgf@zy=\dimen264
)
(/data/data/com.termux/files/usr/share/texlive/2025/texmf-dist/tex/generic/pgf/
basiclayer/pgfcorepathconstruct.code.tex
File: pgfcorepathconstruct.code.tex 2023-01-15 v3.1.10 (3.1.10)
\pgf@path@lastx=\dimen265
\pgf@path@lasty=\dimen266
)
(/data/data/com.termux/files/usr/share/texlive/2025/texmf-dist/tex/generic/pgf/
basiclayer/pgfcorepathusage.code.tex
File: pgfcorepathusage.code.tex 2023-01-15 v3.1.10 (3.1.10)
\pgf@shorten@end@additional=\dimen267
\pgf@shorten@start@additional=\dimen268
)
(/data/data/com.termux/files/usr/share/texlive/2025/texmf-dist/tex/generic/pgf/
basiclayer/pgfcorescopes.code.tex
File: pgfcorescopes.code.tex 2023-01-15 v3.1.10 (3.1.10)
\pgfpic=\box60
\pgf@hbox=\box61
\pgf@layerbox@main=\box62
\pgf@picture@serial@count=\count305
)
(/data/data/com.termux/files/usr/share/texlive/2025/texmf-dist/tex/generic/pgf/
basiclayer/pgfcoregraphicstate.code.tex
File: pgfcoregraphicstate.code.tex 2023-01-15 v3.1.10 (3.1.10)
\pgflinewidth=\dimen269
)
(/data/data/com.termux/files/usr/share/texlive/2025/texmf-dist/tex/generic/pgf/
basiclayer/pgfcoretransformations.code.tex
File: pgfcoretransformations.code.tex 2023-01-15 v3.1.10 (3.1.10)
\pgf@pt@x=\dimen270
\pgf@pt@y=\dimen271
\pgf@pt@temp=\dimen272
)
(/data/data/com.termux/files/usr/share/texlive/2025/texmf-dist/tex/generic/pgf/
basiclayer/pgfcorequick.code.tex
File: pgfcorequick.code.tex 2023-01-15 v3.1.10 (3.1.10)
)
(/data/data/com.termux/files/usr/share/texlive/2025/texmf-dist/tex/generic/pgf/
basiclayer/pgfcoreobjects.code.tex
File: pgfcoreobjects.code.tex 2023-01-15 v3.1.10 (3.1.10)
)
(/data/data/com.termux/files/usr/share/texlive/2025/texmf-dist/tex/generic/pgf/
basiclayer/pgfcorepathprocessing.code.tex
File: pgfcorepathprocessing.code.tex 2023-01-15 v3.1.10 (3.1.10)
)
(/data/data/com.termux/files/usr/share/texlive/2025/texmf-dist/tex/generic/pgf/
basiclayer/pgfcorearrows.code.tex
File: pgfcorearrows.code.tex 2023-01-15 v3.1.10 (3.1.10)
\pgfarrowsep=\dimen273
)
(/data/data/com.termux/files/usr/share/texlive/2025/texmf-dist/tex/generic/pgf/
basiclayer/pgfcoreshade.code.tex
File: pgfcoreshade.code.tex 2023-01-15 v3.1.10 (3.1.10)
\pgf@max=\dimen274
\pgf@sys@shading@range@num=\count306
\pgf@shadingcount=\count307
)
(/data/data/com.termux/files/usr/share/texlive/2025/texmf-dist/tex/generic/pgf/
basiclayer/pgfcoreimage.code.tex
File: pgfcoreimage.code.tex 2023-01-15 v3.1.10 (3.1.10)
)
(/data/data/com.termux/files/usr/share/texlive/2025/texmf-dist/tex/generic/pgf/
basiclayer/pgfcoreexternal.code.tex
File: pgfcoreexternal.code.tex 2023-01-15 v3.1.10 (3.1.10)
\pgfexternal@startupbox=\box63
)
(/data/data/com.termux/files/usr/share/texlive/2025/texmf-dist/tex/generic/pgf/
basiclayer/pgfcorelayers.code.tex
File: pgfcorelayers.code.tex 2023-01-15 v3.1.10 (3.1.10)
)
(/data/data/com.termux/files/usr/share/texlive/2025/texmf-dist/tex/generic/pgf/
basiclayer/pgfcoretransparency.code.tex
File: pgfcoretransparency.code.tex 2023-01-15 v3.1.10 (3.1.10)
)
(/data/data/com.termux/files/usr/share/texlive/2025/texmf-dist/tex/generic/pgf/
basiclayer/pgfcorepatterns.code.tex
File: pgfcorepatterns.code.tex 2023-01-15 v3.1.10 (3.1.10)
)
(/data/data/com.termux/files/usr/share/texlive/2025/texmf-dist/tex/generic/pgf/
basiclayer/pgfcorerdf.code.tex
File: pgfcorerdf.code.tex 2023-01-15 v3.1.10 (3.1.10)
)))
(/data/data/com.termux/files/usr/share/texlive/2025/texmf-dist/tex/generic/pgf/
modules/pgfmoduleshapes.code.tex
File: pgfmoduleshapes.code.tex 2023-01-15 v3.1.10 (3.1.10)
\pgfnodeparttextbox=\box64
)
(/data/data/com.termux/files/usr/share/texlive/2025/texmf-dist/tex/generic/pgf/
modules/pgfmoduleplot.code.tex
File: pgfmoduleplot.code.tex 2023-01-15 v3.1.10 (3.1.10)
)
(/data/data/com.termux/files/usr/share/texlive/2025/texmf-dist/tex/latex/pgf/co
mpatibility/pgfcomp-version-0-65.sty
Package: pgfcomp-version-0-65 2023-01-15 v3.1.10 (3.1.10)
\pgf@nodesepstart=\dimen275
\pgf@nodesepend=\dimen276
)
(/data/data/com.termux/files/usr/share/texlive/2025/texmf-dist/tex/latex/pgf/co
mpatibility/pgfcomp-version-1-18.sty
Package: pgfcomp-version-1-18 2023-01-15 v3.1.10 (3.1.10)
))
(/data/data/com.termux/files/usr/share/texlive/2025/texmf-dist/tex/latex/bookta
bs/booktabs.sty
Package: booktabs 2020/01/12 v1.61803398 Publication quality tables
\heavyrulewidth=\dimen277
\lightrulewidth=\dimen278
\cmidrulewidth=\dimen279
\belowrulesep=\dimen280
\belowbottomsep=\dimen281
\aboverulesep=\dimen282
\abovetopsep=\dimen283
\cmidrulesep=\dimen284
\cmidrulekern=\dimen285
\defaultaddspace=\dimen286
\@cmidla=\count308
\@cmidlb=\count309
\@aboverulesep=\dimen287
\@belowrulesep=\dimen288
\@thisruleclass=\count310
\@lastruleclass=\count311
\@thisrulewidth=\dimen289
)
(/data/data/com.termux/files/usr/share/texlive/2025/texmf-dist/tex/latex/enumit
em/enumitem.sty
Package: enumitem 2025/02/06 v3.11 Customized lists
\labelindent=\skip68
\enit@outerparindent=\dimen290
\enit@toks=\toks33
\enit@inbox=\box65
\enit@count@id=\count312
\enitdp@description=\count313
)
(/data/data/com.termux/files/usr/share/texlive/2025/texmf-dist/tex/latex/base/i
nputenc.sty
Package: inputenc 2024/02/08 v1.3d Input encoding file
\inpenc@prehook=\toks34
\inpenc@posthook=\toks35
)
(/data/data/com.termux/files/usr/share/texlive/2025/texmf-dist/tex/latex/sectst
y/sectsty.sty
Package: sectsty 2002/02/25 v2.0.2 Commands to change all sectional heading sty
les


LaTeX Warning: Command \underbar  has changed.
               Check if current package is valid.


LaTeX Warning: Command \underline  has changed.
               Check if current package is valid.

)
(/data/data/com.termux/files/usr/share/texlive/2025/texmf-dist/tex/latex/lm/lmo
dern.sty
Package: lmodern 2015/05/01 v1.6.1 Latin Modern Fonts
LaTeX Font Info:    Overwriting symbol font `operators' in version `normal'
(Font)                  OT1/cmr/m/n --> OT1/lmr/m/n on input line 22.
LaTeX Font Info:    Overwriting symbol font `letters' in version `normal'
(Font)                  OML/cmm/m/it --> OML/lmm/m/it on input line 23.
LaTeX Font Info:    Overwriting symbol font `symbols' in version `normal'
(Font)                  OMS/cmsy/m/n --> OMS/lmsy/m/n on input line 24.
LaTeX Font Info:    Overwriting symbol font `largesymbols' in version `normal'
(Font)                  OMX/cmex/m/n --> OMX/lmex/m/n on input line 25.
LaTeX Font Info:    Overwriting symbol font `operators' in version `bold'
(Font)                  OT1/cmr/bx/n --> OT1/lmr/bx/n on input line 26.
LaTeX Font Info:    Overwriting symbol font `letters' in version `bold'
(Font)                  OML/cmm/b/it --> OML/lmm/b/it on input line 27.
LaTeX Font Info:    Overwriting symbol font `symbols' in version `bold'
(Font)                  OMS/cmsy/b/n --> OMS/lmsy/b/n on input line 28.
LaTeX Font Info:    Overwriting symbol font `largesymbols' in version `bold'
(Font)                  OMX/cmex/m/n --> OMX/lmex/m/n on input line 29.
LaTeX Font Info:    Overwriting math alphabet `\mathbf' in version `normal'
(Font)                  OT1/cmr/bx/n --> OT1/lmr/bx/n on input line 31.
LaTeX Font Info:    Overwriting math alphabet `\mathsf' in version `normal'
(Font)                  OT1/cmss/m/n --> OT1/lmss/m/n on input line 32.
LaTeX Font Info:    Overwriting math alphabet `\mathit' in version `normal'
(Font)                  OT1/cmr/m/it --> OT1/lmr/m/it on input line 33.
LaTeX Font Info:    Overwriting math alphabet `\mathtt' in version `normal'
(Font)                  OT1/cmtt/m/n --> OT1/lmtt/m/n on input line 34.
LaTeX Font Info:    Overwriting math alphabet `\mathbf' in version `bold'
(Font)                  OT1/cmr/bx/n --> OT1/lmr/bx/n on input line 35.
LaTeX Font Info:    Overwriting math alphabet `\mathsf' in version `bold'
(Font)                  OT1/cmss/bx/n --> OT1/lmss/bx/n on input line 36.
LaTeX Font Info:    Overwriting math alphabet `\mathit' in version `bold'
(Font)                  OT1/cmr/bx/it --> OT1/lmr/bx/it on input line 37.
LaTeX Font Info:    Overwriting math alphabet `\mathtt' in version `bold'
(Font)                  OT1/cmtt/m/n --> OT1/lmtt/m/n on input line 38.
)
(/data/data/com.termux/files/usr/share/texlive/2025/texmf-dist/tex/latex/toclof
t/tocloft.sty
Package: tocloft 2017/08/31 v2.3i parameterised ToC, etc., typesetting
Package tocloft Info: The document has section divisions on input line 51.
\cftparskip=\skip69
\cftbeforetoctitleskip=\skip70
\cftaftertoctitleskip=\skip71
\cftbeforepartskip=\skip72
\cftpartnumwidth=\skip73
\cftpartindent=\skip74
\cftbeforesecskip=\skip75
\cftsecindent=\skip76
\cftsecnumwidth=\skip77
\cftbeforesubsecskip=\skip78
\cftsubsecindent=\skip79
\cftsubsecnumwidth=\skip80
\cftbeforesubsubsecskip=\skip81
\cftsubsubsecindent=\skip82
\cftsubsubsecnumwidth=\skip83
\cftbeforeparaskip=\skip84
\cftparaindent=\skip85
\cftparanumwidth=\skip86
\cftbeforesubparaskip=\skip87
\cftsubparaindent=\skip88
\cftsubparanumwidth=\skip89
\cftbeforeloftitleskip=\skip90
\cftafterloftitleskip=\skip91
\cftbeforefigskip=\skip92
\cftfigindent=\skip93
\cftfignumwidth=\skip94
\c@lofdepth=\count314
\c@lotdepth=\count315
\cftbeforelottitleskip=\skip95
\cftafterlottitleskip=\skip96
\cftbeforetabskip=\skip97
\cfttabindent=\skip98
\cfttabnumwidth=\skip99
)
(/data/data/com.termux/files/usr/share/texlive/2025/texmf-dist/tex/latex/hyperr
ef/hyperref.sty
Package: hyperref 2024-11-05 v7.01l Hypertext links for LaTeX

(/data/data/com.termux/files/usr/share/texlive/2025/texmf-dist/tex/generic/ifte
x/iftex.sty
Package: iftex 2024/12/12 v1.0g TeX engine tests
)
(/data/data/com.termux/files/usr/share/texlive/2025/texmf-dist/tex/latex/kvsetk
eys/kvsetkeys.sty
Package: kvsetkeys 2022-10-05 v1.19 Key value parser (HO)
)
(/data/data/com.termux/files/usr/share/texlive/2025/texmf-dist/tex/generic/kvde
finekeys/kvdefinekeys.sty
Package: kvdefinekeys 2019-12-19 v1.6 Define keys (HO)
)
(/data/data/com.termux/files/usr/share/texlive/2025/texmf-dist/tex/generic/pdfe
scape/pdfescape.sty
Package: pdfescape 2019/12/09 v1.15 Implements pdfTeX's escape features (HO)

(/data/data/com.termux/files/usr/share/texlive/2025/texmf-dist/tex/generic/ltxc
mds/ltxcmds.sty
Package: ltxcmds 2023-12-04 v1.26 LaTeX kernel commands for general use (HO)
)
(/data/data/com.termux/files/usr/share/texlive/2025/texmf-dist/tex/generic/pdft
excmds/pdftexcmds.sty
Package: pdftexcmds 2020-06-27 v0.33 Utility functions of pdfTeX for LuaTeX (HO
)

(/data/data/com.termux/files/usr/share/texlive/2025/texmf-dist/tex/generic/infw
arerr/infwarerr.sty
Package: infwarerr 2019/12/03 v1.5 Providing info/warning/error messages (HO)
)
Package pdftexcmds Info: \pdf@primitive is available.
Package pdftexcmds Info: \pdf@ifprimitive is available.
Package pdftexcmds Info: \pdfdraftmode found.
))
(/data/data/com.termux/files/usr/share/texlive/2025/texmf-dist/tex/latex/hycolo
r/hycolor.sty
Package: hycolor 2020-01-27 v1.10 Color options for hyperref/bookmark (HO)
)
(/data/data/com.termux/files/usr/share/texlive/2025/texmf-dist/tex/latex/hyperr
ef/nameref.sty
Package: nameref 2023-11-26 v2.56 Cross-referencing by name of section

(/data/data/com.termux/files/usr/share/texlive/2025/texmf-dist/tex/latex/refcou
nt/refcount.sty
Package: refcount 2019/12/15 v3.6 Data extraction from label references (HO)
)
(/data/data/com.termux/files/usr/share/texlive/2025/texmf-dist/tex/generic/gett
itlestring/gettitlestring.sty
Package: gettitlestring 2019/12/15 v1.6 Cleanup title references (HO)

(/data/data/com.termux/files/usr/share/texlive/2025/texmf-dist/tex/latex/kvopti
ons/kvoptions.sty
Package: kvoptions 2022-06-15 v3.15 Key value format for package options (HO)
))
\c@section@level=\count316
)
(/data/data/com.termux/files/usr/share/texlive/2025/texmf-dist/tex/latex/etoolb
ox/etoolbox.sty
Package: etoolbox 2025/02/11 v2.5l e-TeX tools for LaTeX (JAW)
\etb@tempcnta=\count317
)
(/data/data/com.termux/files/usr/share/texlive/2025/texmf-dist/tex/generic/stri
ngenc/stringenc.sty
Package: stringenc 2019/11/29 v1.12 Convert strings between diff. encodings (HO
)
)
\@linkdim=\dimen291
\Hy@linkcounter=\count318
\Hy@pagecounter=\count319

(/data/data/com.termux/files/usr/share/texlive/2025/texmf-dist/tex/latex/hyperr
ef/pd1enc.def
File: pd1enc.def 2024-11-05 v7.01l Hyperref: PDFDocEncoding definition (HO)
Now handling font encoding PD1 ...
... no UTF-8 mapping file for font encoding PD1
)
(/data/data/com.termux/files/usr/share/texlive/2025/texmf-dist/tex/generic/intc
alc/intcalc.sty
Package: intcalc 2019/12/15 v1.3 Expandable calculations with integers (HO)
)
\Hy@SavedSpaceFactor=\count320

(/data/data/com.termux/files/usr/share/texlive/2025/texmf-dist/tex/latex/hyperr
ef/puenc.def
File: puenc.def 2024-11-05 v7.01l Hyperref: PDF Unicode definition (HO)
Now handling font encoding PU ...
... no UTF-8 mapping file for font encoding PU

(/data/data/com.termux/files/usr/share/texlive/2025/texmf-dist/tex/latex/greek-
fontenc/puenc-greek.def
File: puenc-greek.def 2023-09-12 2.5 Greek LICRs for PDF strings

(/data/data/com.termux/files/usr/share/texlive/2025/texmf-dist/tex/latex/greek-
fontenc/greek-fontenc.def
File: greek-fontenc.def 2023-09-12 2.5 Common Greek font encoding definitions
)))
Package hyperref Info: Hyper figures OFF on input line 4157.
Package hyperref Info: Link nesting OFF on input line 4162.
Package hyperref Info: Hyper index ON on input line 4165.
Package hyperref Info: Plain pages OFF on input line 4172.
Package hyperref Info: Backreferencing OFF on input line 4177.
Package hyperref Info: Implicit mode ON; LaTeX internals redefined.
Package hyperref Info: Bookmarks ON on input line 4424.
\c@Hy@tempcnt=\count321

(/data/data/com.termux/files/usr/share/texlive/2025/texmf-dist/tex/latex/url/ur
l.sty
\Urlmuskip=\muskip18
Package: url 2013/09/16  ver 3.4  Verb mode for urls, etc.
)
LaTeX Info: Redefining \url on input line 4763.
\XeTeXLinkMargin=\dimen292

(/data/data/com.termux/files/usr/share/texlive/2025/texmf-dist/tex/generic/bits
et/bitset.sty
Package: bitset 2019/12/09 v1.3 Handle bit-vector datatype (HO)

(/data/data/com.termux/files/usr/share/texlive/2025/texmf-dist/tex/generic/bigi
ntcalc/bigintcalc.sty
Package: bigintcalc 2019/12/15 v1.5 Expandable calculations on big integers (HO
)
))
\Fld@menulength=\count322
\Field@Width=\dimen293
\Fld@charsize=\dimen294
Package hyperref Info: Hyper figures OFF on input line 6042.
Package hyperref Info: Link nesting OFF on input line 6047.
Package hyperref Info: Hyper index ON on input line 6050.
Package hyperref Info: backreferencing OFF on input line 6057.
Package hyperref Info: Link coloring OFF on input line 6062.
Package hyperref Info: Link coloring with OCG OFF on input line 6067.
Package hyperref Info: PDF/A mode OFF on input line 6072.

(/data/data/com.termux/files/usr/share/texlive/2025/texmf-dist/tex/latex/base/a
tbegshi-ltx.sty
Package: atbegshi-ltx 2021/01/10 v1.0c Emulation of the original atbegshi
package with kernel methods
)
\Hy@abspage=\count323
\c@Item=\count324
\c@Hfootnote=\count325
)
Package hyperref Info: Driver (autodetected): hpdftex.

(/data/data/com.termux/files/usr/share/texlive/2025/texmf-dist/tex/latex/hyperr
ef/hpdftex.def
File: hpdftex.def 2024-11-05 v7.01l Hyperref driver for pdfTeX

(/data/data/com.termux/files/usr/share/texlive/2025/texmf-dist/tex/latex/base/a
tveryend-ltx.sty
Package: atveryend-ltx 2020/08/19 v1.0a Emulation of the original atveryend pac
kage
with kernel methods
)
\Fld@listcount=\count326
\c@bookmark@seq@number=\count327

(/data/data/com.termux/files/usr/share/texlive/2025/texmf-dist/tex/latex/rerunf
ilecheck/rerunfilecheck.sty
Package: rerunfilecheck 2022-07-10 v1.10 Rerun checks for auxiliary files (HO)

(/data/data/com.termux/files/usr/share/texlive/2025/texmf-dist/tex/generic/uniq
uecounter/uniquecounter.sty
Package: uniquecounter 2019/12/15 v1.4 Provide unlimited unique counter (HO)
)
Package uniquecounter Info: New unique counter `rerunfilecheck' on input line 2
85.
)
\Hy@SectionHShift=\skip100
)
(/data/data/com.termux/files/usr/share/texlive/2025/texmf-dist/tex/latex/siunit
x/siunitx.sty
Package: siunitx 2025-04-19 v3.4.9 A comprehensive (SI) units package
\l__siunitx_number_uncert_offset_int=\count328
\l__siunitx_number_exponent_fixed_int=\count329
\l__siunitx_number_min_decimal_int=\count330
\l__siunitx_number_min_integer_int=\count331
\l__siunitx_number_round_precision_int=\count332
\l__siunitx_number_lower_threshold_int=\count333
\l__siunitx_number_upper_threshold_int=\count334
\l__siunitx_number_group_first_int=\count335
\l__siunitx_number_group_size_int=\count336
\l__siunitx_number_group_minimum_int=\count337
\l__siunitx_angle_tmp_dim=\dimen295
\l__siunitx_angle_marker_box=\box66
\l__siunitx_angle_unit_box=\box67
\l__siunitx_compound_count_int=\count338
\l__siunitx_table_tmp_box=\box68
\l__siunitx_table_tmp_dim=\dimen296
\l__siunitx_table_column_width_dim=\dimen297
\l__siunitx_table_integer_box=\box69
\l__siunitx_table_decimal_box=\box70
\l__siunitx_table_uncert_box=\box71
\l__siunitx_table_before_box=\box72
\l__siunitx_table_after_box=\box73
\l__siunitx_table_before_dim=\dimen298
\l__siunitx_table_carry_dim=\dimen299
\l__siunitx_unit_tmp_int=\count339
\l__siunitx_unit_position_int=\count340
\l__siunitx_unit_total_int=\count341

(/data/data/com.termux/files/usr/share/texlive/2025/texmf-dist/tex/latex/tools/
array.sty
Package: array 2024/10/17 v2.6g Tabular extension package (FMi)
\col@sep=\dimen300
\ar@mcellbox=\box74
\extrarowheight=\dimen301
\NC@list=\toks36
\extratabsurround=\skip101
\backup@length=\skip102
\ar@cellbox=\box75
)))
(/data/data/com.termux/files/usr/share/texlive/2025/texmf-dist/tex/latex/subfil
es/subfiles.sty
Package: subfiles 2020/11/14 v2.2 Multi-file projects (package)

(/data/data/com.termux/files/usr/share/texlive/2025/texmf-dist/tex/latex/import
/import.sty
Package: import 2020/04/01  v 6.2
))
LaTeX Font Info:    Trying to load font information for OT1+lmr on input line 1
2.

(/data/data/com.termux/files/usr/share/texlive/2025/texmf-dist/tex/latex/lm/ot1
lmr.fd
File: ot1lmr.fd 2015/05/01 v1.6.1 Font defs for Latin Modern
) (build/main.aux)
\openout1 = `main.aux'.

LaTeX Font Info:    Checking defaults for OML/cmm/m/it on input line 12.
LaTeX Font Info:    ... okay on input line 12.
LaTeX Font Info:    Checking defaults for OMS/cmsy/m/n on input line 12.
LaTeX Font Info:    ... okay on input line 12.
LaTeX Font Info:    Checking defaults for OT1/cmr/m/n on input line 12.
LaTeX Font Info:    ... okay on input line 12.
LaTeX Font Info:    Checking defaults for T1/cmr/m/n on input line 12.
LaTeX Font Info:    ... okay on input line 12.
LaTeX Font Info:    Checking defaults for TS1/cmr/m/n on input line 12.
LaTeX Font Info:    ... okay on input line 12.
LaTeX Font Info:    Checking defaults for OMX/cmex/m/n on input line 12.
LaTeX Font Info:    ... okay on input line 12.
LaTeX Font Info:    Checking defaults for U/cmr/m/n on input line 12.
LaTeX Font Info:    ... okay on input line 12.
LaTeX Font Info:    Checking defaults for LGR/cmr/m/n on input line 12.
LaTeX Font Info:    Trying to load font information for LGR+cmr on input line 1
2.

(/data/data/com.termux/files/usr/share/texlive/2025/texmf-dist/tex/latex/cbfont
s-fd/lgrcmr.fd
File: lgrcmr.fd 2017/07/29 v1.2 Greek European Computer Regular
)
LaTeX Font Info:    ... okay on input line 12.
LaTeX Font Info:    Checking defaults for PD1/pdf/m/n on input line 12.
LaTeX Font Info:    ... okay on input line 12.
LaTeX Font Info:    Checking defaults for PU/pdf/m/n on input line 12.
LaTeX Font Info:    ... okay on input line 12.

Package chemgreek Info: Activating mapping `textgreek' on line 12.


(/data/data/com.termux/files/usr/share/texlive/2025/texmf-dist/tex/context/base
/mkii/supp-pdf.mkii
[Loading MPS to PDF converter (version 2006.09.02).]
\scratchcounter=\count342
\scratchdimen=\dimen302
\scratchbox=\box76
\nofMPsegments=\count343
\nofMParguments=\count344
\everyMPshowfont=\toks37
\MPscratchCnt=\count345
\MPscratchDim=\dimen303
\MPnumerator=\count346
\makeMPintoPDFobject=\count347
\everyMPtoPDFconversion=\toks38
)
(/data/data/com.termux/files/usr/share/texlive/2025/texmf-dist/tex/latex/epstop
df-pkg/epstopdf-base.sty
Package: epstopdf-base 2020-01-24 v2.11 Base part for package epstopdf
Package epstopdf-base Info: Redefining graphics rule for `.eps' on input line 4
85.

(/data/data/com.termux/files/usr/share/texlive/2025/texmf-dist/tex/latex/latexc
onfig/epstopdf-sys.cfg
File: epstopdf-sys.cfg 2010/07/13 v1.3 Configuration of (r)epstopdf for TeX Liv
e
))
Package hyperref Info: Link coloring OFF on input line 12.
 (build/main.out) (build/main.out)
\@outlinefile=\write4
\openout4 = `main.out'.

LaTeX Font Info:    Trying to load font information for OML+lmm on input line 1
5.

(/data/data/com.termux/files/usr/share/texlive/2025/texmf-dist/tex/latex/lm/oml
lmm.fd
File: omllmm.fd 2015/05/01 v1.6.1 Font defs for Latin Modern
)
LaTeX Font Info:    Trying to load font information for OMS+lmsy on input line 
15.

(/data/data/com.termux/files/usr/share/texlive/2025/texmf-dist/tex/latex/lm/oms
lmsy.fd
File: omslmsy.fd 2015/05/01 v1.6.1 Font defs for Latin Modern
)
LaTeX Font Info:    Trying to load font information for OMX+lmex on input line 
15.

(/data/data/com.termux/files/usr/share/texlive/2025/texmf-dist/tex/latex/lm/omx
lmex.fd
File: omxlmex.fd 2015/05/01 v1.6.1 Font defs for Latin Modern
)
LaTeX Font Info:    External font `lmex10' loaded for size
(Font)              <12> on input line 15.
LaTeX Font Info:    External font `lmex10' loaded for size
(Font)              <8> on input line 15.
LaTeX Font Info:    External font `lmex10' loaded for size
(Font)              <6> on input line 15.
LaTeX Font Info:    Trying to load font information for OT1+lmss on input line 
16.

(/data/data/com.termux/files/usr/share/texlive/2025/texmf-dist/tex/latex/lm/ot1
lmss.fd
File: ot1lmss.fd 2015/05/01 v1.6.1 Font defs for Latin Modern
) (build/main.toc
LaTeX Font Info:    External font `lmex10' loaded for size
(Font)              <10> on input line 1.
LaTeX Font Info:    External font `lmex10' loaded for size
(Font)              <7> on input line 1.
LaTeX Font Info:    External font `lmex10' loaded for size
(Font)              <5> on input line 1.
)
\tf@toc=\write5
\openout5 = `main.toc'.

 (./tex/chapter-10.tex
<tex/../img/e10-1.pdf, id=38, 667.0521pt x 497.94029pt>
File: tex/../img/e10-1.pdf Graphic file (type pdf)
<use tex/../img/e10-1.pdf>
Package pdftex.def Info: tex/../img/e10-1.pdf  used on input line 46.
(pdftex.def)             Requested size: 333.52522pt x 248.96953pt.


LaTeX Warning: `!h' float specifier changed to `!ht'.



[1

{/data/data/com.termux/files/usr/share/texlive/2025/texmf-var/fonts/map/pdftex/
updmap/pdftex.map}{/data/data/com.termux/files/usr/share/texlive/2025/texmf-dis
t/fonts/enc/dvips/lm/lm-rm.enc}{/data/data/com.termux/files/usr/share/texlive/2
025/texmf-dist/fonts/enc/dvips/lm/lm-mathit.enc}{/data/data/com.termux/files/us
r/share/texlive/2025/texmf-dist/fonts/enc/dvips/lm/lm-mathsy.enc}]
<tex/../img/e10-1b.pdf, id=58, 570.21031pt x 405.43471pt>
File: tex/../img/e10-1b.pdf Graphic file (type pdf)
<use tex/../img/e10-1b.pdf>
Package pdftex.def Info: tex/../img/e10-1b.pdf  used on input line 73.
(pdftex.def)             Requested size: 342.12883pt x 243.2627pt.


LaTeX Warning: `!h' float specifier changed to `!ht'.



[2 <./tex/../img/e10-1.pdf>]
Overfull \hbox (0.30943pt too wide) in paragraph at lines 111--115
\OT1/lmr/m/n/10 The value of $\OML/lmm/m/it/10 P[][]$ \OT1/lmr/m/n/10 can be fo
und at the steam ta-ble, at 10 $[]$, which is 0.01227 $[]$ 
 []



[3 <./tex/../img/e10-1b.pdf>]

Package hyperref Warning: Suppressing empty link on input line 140.


Overfull \hbox (36.191pt too wide) in paragraph at lines 151--153
[]\OT1/lmr/m/n/10 The azeotropic pres-sure, and the azeotropic com-po-si-tion, 
for $\OML/lmm/m/it/10 t=T \OT1/lmr/m/n/10 = 45 []\OML/lmm/m/it/10 =\OT1/lmr/m/n
/10 318\OML/lmm/m/it/10 :\OT1/lmr/m/n/10 15 K$ 
 []



[4]
<tex/../img/e10-3b.pdf, id=112, 498.22498pt x 227.2125pt>
File: tex/../img/e10-3b.pdf Graphic file (type pdf)
<use tex/../img/e10-3b.pdf>
Package pdftex.def Info: tex/../img/e10-3b.pdf  used on input line 189.
(pdftex.def)             Requested size: 345.0pt x 157.33495pt.


[5 <./tex/../img/e10-3b.pdf>]
<tex/../img/e10-3c.pdf, id=125, 498.36188pt x 227.34938pt>
File: tex/../img/e10-3c.pdf Graphic file (type pdf)
<use tex/../img/e10-3c.pdf>
Package pdftex.def Info: tex/../img/e10-3c.pdf  used on input line 219.
(pdftex.def)             Requested size: 345.0pt x 157.39159pt.

! Undefined control sequence.
<argument> \kilo \Pascal 
                         
l.254 \end{gather*}
                   
The control sequence at the end of the top line
of your error message was never \def'ed. If you have
misspelled it (e.g., `\hobx'), type `I' and the correct
spelling (e.g., `I\hbox'). Otherwise just continue,
and I'll forget about whatever was undefined.

! Undefined control sequence.
<argument> \kilo \Pascal 
                         
l.254 \end{gather*}
                   
The control sequence at the end of the top line
of your error message was never \def'ed. If you have
misspelled it (e.g., `\hobx'), type `I' and the correct
spelling (e.g., `I\hbox'). Otherwise just continue,
and I'll forget about whatever was undefined.


! Package siunitx Error: Found prefix part with no unit.

For immediate help type H <return>.
 ...                                              
                                                  
l.254 \end{gather*}
                   

Each prefix part must be associated with a unit: a prefix part was found but
no following unit was given.


! Undefined control sequence.
<argument> \kilo \Pascal 
                         
l.254 \end{gather*}
                   
The control sequence at the end of the top line
of your error message was never \def'ed. If you have
misspelled it (e.g., `\hobx'), type `I' and the correct
spelling (e.g., `I\hbox'). Otherwise just continue,
and I'll forget about whatever was undefined.

! Undefined control sequence.
<argument> \kilo \Pascal 
                         
l.254 \end{gather*}
                   
The control sequence at the end of the top line
of your error message was never \def'ed. If you have
misspelled it (e.g., `\hobx'), type `I' and the correct
spelling (e.g., `I\hbox'). Otherwise just continue,
and I'll forget about whatever was undefined.


! Package siunitx Error: Found prefix part with no unit.

For immediate help type H <return>.
 ...                                              
                                                  
l.254 \end{gather*}
                   

Each prefix part must be associated with a unit: a prefix part was found but
no following unit was given.




[6 <./tex/../img/e10-3c.pdf>])

[7] (build/main.aux)
 ***********
LaTeX2e <2024-11-01> patch level 2
L3 programming layer <2025-03-26>
 ***********
Package rerunfilecheck Info: File `main.out' has not changed.
(rerunfilecheck)             Checksum: 3DB0DB06797C25F7674EF5F0197CEC69;712.
 ) 
Here is how much of TeX's memory you used:
 24509 strings out of 471564
 498929 string characters out of 5517137
 846700 words of memory out of 5000000
 50647 multiletter control sequences out of 15000+600000
 668815 words of font info for 66 fonts, out of 8000000 for 9000
 36 hyphenation exceptions out of 8191
 90i,13n,93p,522b,1342s stack positions out of 10000i,1000n,20000p,200000b,200000s
</data/data/com.termux/files/usr/share/texlive/2025/texmf-dist/fonts/type1/pu
blic/amsfonts/cm/cmmi12.pfb></data/data/com.termux/files/usr/share/texlive/2025
/texmf-dist/fonts/type1/public/amsfonts/cm/cmr12.pfb></data/data/com.termux/fil
es/usr/share/texlive/2025/texmf-dist/fonts/type1/public/amsfonts/cm/cmr17.pfb><
/data/data/com.termux/files/usr/share/texlive/2025/texmf-dist/fonts/type1/publi
c/amsfonts/cm/cmsy10.pfb></data/data/com.termux/files/usr/share/texlive/2025/te
xmf-dist/fonts/type1/public/lm/lmbx10.pfb></data/data/com.termux/files/usr/shar
e/texlive/2025/texmf-dist/fonts/type1/public/lm/lmmi10.pfb></data/data/com.term
ux/files/usr/share/texlive/2025/texmf-dist/fonts/type1/public/lm/lmmi7.pfb></da
ta/data/com.termux/files/usr/share/texlive/2025/texmf-dist/fonts/type1/public/l
m/lmr10.pfb></data/data/com.termux/files/usr/share/texlive/2025/texmf-dist/font
s/type1/public/lm/lmr12.pfb></data/data/com.termux/files/usr/share/texlive/2025
/texmf-dist/fonts/type1/public/lm/lmr17.pfb></data/data/com.termux/files/usr/sh
are/texlive/2025/texmf-dist/fonts/type1/public/lm/lmr7.pfb></data/data/com.term
ux/files/usr/share/texlive/2025/texmf-dist/fonts/type1/public/lm/lmssbx10.pfb><
/data/data/com.termux/files/usr/share/texlive/2025/texmf-dist/fonts/type1/publi
c/lm/lmsy10.pfb></data/data/com.termux/files/usr/share/texlive/2025/texmf-dist/
fonts/type1/public/lm/lmsy7.pfb>
Output written on build/main.pdf (7 pages, 331215 bytes).
PDF statistics:
 199 PDF objects out of 1000 (max. 8388607)
 160 compressed objects within 2 object streams
 30 named destinations out of 1000 (max. 500000)
 81 words of extra memory for PDF output out of 10000 (max. 10000000)

